<?xml version="1.0" encoding="UTF-8"?>
<!-- Generated by org.testng.reporters.JUnitReportReporter -->
<testsuite skipped="0" hostname="DESKTOP-U4KCNES" name="com.myapp.MyFirstTestNgClass" tests="1" failures="0" timestamp="06 Jul 2020 08:46:58 GMT" time="0.008" errors="0">
  <testcase name="method1" time="0.008" classname="com.myapp.MyFirstTestNgClass"/>
</testsuite> <!-- com.myapp.MyFirstTestNgClass -->
