<?xml version="1.0" encoding="UTF-8"?>
<!-- Generated by org.testng.reporters.JUnitReportReporter -->
<testsuite skipped="0" hostname="DESKTOP-U4KCNES" name="com.myapp.MyThirdTestNgClass" tests="1" failures="0" timestamp="06 Jul 2020 08:46:58 GMT" time="0.001" errors="0">
  <testcase name="method5" time="0.001" classname="com.myapp.MyThirdTestNgClass"/>
</testsuite> <!-- com.myapp.MyThirdTestNgClass -->
